
2022-11-01 20:56:29.0689353 +0530 IST m=+5.894688901 > Started Wroker workers/upload.go
2022-11-01 20:56:29.0874299 +0530 IST m=+5.913183501 > connecting to ws://localhost:1337/api/upload
2022-11-01 20:56:31.6990191 +0530 IST m=+8.524772701 > connected to ws://localhost:1337/api/upload
2022-11-01 20:56:31.7001394 +0530 IST m=+8.525893001 > Sent Message to Remote
2022-11-01 20:56:31.701105 +0530 IST m=+8.526858601 > Waiting for Remote...
2022-11-01 20:56:31.7095374 +0530 IST m=+8.535291001 > Got Data from remote...
2022-11-01 20:56:31.7150422 +0530 IST m=+8.540795801 > Preparing subfolders
2022-11-01 20:56:31.7169193 +0530 IST m=+8.542672901 > Processing subfolder..123
2022-11-01 20:56:31.7179973 +0530 IST m=+8.543750901 > Sent start sb to Remote.
2022-11-01 20:56:31.784309 +0530 IST m=+8.610062601 > Initializing File transfer...664
2022-11-01 20:56:31.7904104 +0530 IST m=+8.616164001 > Sending data chunk664
2022-11-01 20:56:32.1128217 +0530 IST m=+8.938575301 > Send end data to remote endpoint
2022-11-01 20:56:32.1160514 +0530 IST m=+8.941805001 > Processing subfolder..456
2022-11-01 20:56:32.1258644 +0530 IST m=+8.951618001 > Sent start sb to Remote.
2022-11-01 20:56:32.1903305 +0530 IST m=+9.016084101 > Initializing File transfer...664
2022-11-01 20:56:32.1928052 +0530 IST m=+9.018558801 > Sending data chunk664
2022-11-01 20:56:32.5135668 +0530 IST m=+9.339320401 > Send end data to remote endpoint
2022-11-01 20:56:32.5163216 +0530 IST m=+9.342075201 > Processing subfolder..988
2022-11-01 20:56:32.5252787 +0530 IST m=+9.351032301 > Sent start sb to Remote.
2022-11-01 20:56:32.6428119 +0530 IST m=+9.468565501 > Initializing File transfer...20480000
2022-11-01 20:56:32.6834824 +0530 IST m=+9.509236001 > Sending data chunk4000000
2022-11-01 20:56:35.3718903 +0530 IST m=+12.197643901 > Sending data chunk4000000
2022-11-01 20:56:38.1161311 +0530 IST m=+14.941884701 > Sending data chunk4000000
2022-11-01 20:56:40.9106423 +0530 IST m=+17.736395901 > Sending data chunk4000000
2022-11-01 20:56:44.0446108 +0530 IST m=+20.870364401 > Sending data chunk4000000
2022-11-01 20:56:46.4234197 +0530 IST m=+23.249173301 > Sending data chunk480000
2022-11-01 20:56:47.6785655 +0530 IST m=+24.504319101 > Send end data to remote endpoint
2022-11-01 20:56:47.6797779 +0530 IST m=+24.505531501 > Ended sharing safely
2022-11-01 20:56:47.6980718 +0530 IST m=+24.523825401 > Ended Wroker workers/upload.go